<?xml version="1.0" encoding="UTF-8"?>
<testng-results skipped="0" failed="0" ignored="0" total="1" passed="1">
  <reporter-output>
  </reporter-output>
  <suite name="Default suite" duration-ms="14610" started-at="2017-08-29T19:52:00Z" finished-at="2017-08-29T19:52:15Z">
    <groups>
    </groups>
    <test name="Default test" duration-ms="14610" started-at="2017-08-29T19:52:00Z" finished-at="2017-08-29T19:52:15Z">
      <class name="com.learn.selenium_first.Testng">
        <test-method status="PASS" signature="beforeTest()[pri:0, instance:com.learn.selenium_first.Testng@2b98378d]" name="beforeTest" is-config="true" duration-ms="10858" started-at="2017-08-29T20:52:00Z" finished-at="2017-08-29T20:52:11Z">
          <reporter-output>
          </reporter-output>
        </test-method> <!-- beforeTest -->
        <test-method status="PASS" signature="f()[pri:0, instance:com.learn.selenium_first.Testng@2b98378d]" name="f" duration-ms="3681" started-at="2017-08-29T20:52:11Z" finished-at="2017-08-29T20:52:15Z">
          <reporter-output>
          </reporter-output>
        </test-method> <!-- f -->
        <test-method status="PASS" signature="afterTest()[pri:0, instance:com.learn.selenium_first.Testng@2b98378d]" name="afterTest" is-config="true" duration-ms="0" started-at="2017-08-29T20:52:15Z" finished-at="2017-08-29T20:52:15Z">
          <reporter-output>
          </reporter-output>
        </test-method> <!-- afterTest -->
      </class> <!-- com.learn.selenium_first.Testng -->
    </test> <!-- Default test -->
  </suite> <!-- Default suite -->
</testng-results>
