<?xml version="1.0" encoding="UTF-8"?>
<testng-results skipped="0" failed="0" ignored="0" total="1" passed="1">
  <reporter-output>
  </reporter-output>
  <suite name="Suite" duration-ms="26086" started-at="2017-08-30T09:21:30Z" finished-at="2017-08-30T09:21:56Z">
    <groups>
    </groups>
    <test name="Test" duration-ms="26086" started-at="2017-08-30T09:21:30Z" finished-at="2017-08-30T09:21:56Z">
      <class name="com.learn.selenium.Testng">
        <test-method status="PASS" signature="beforeTest()[pri:0, instance:com.learn.selenium.Testng@2b98378d]" name="beforeTest" is-config="true" duration-ms="9874" started-at="2017-08-30T10:21:30Z" finished-at="2017-08-30T10:21:40Z">
          <reporter-output>
          </reporter-output>
        </test-method> <!-- beforeTest -->
        <test-method status="PASS" signature="f()[pri:0, instance:com.learn.selenium.Testng@2b98378d]" name="f" duration-ms="16153" started-at="2017-08-30T10:21:40Z" finished-at="2017-08-30T10:21:56Z">
          <reporter-output>
          </reporter-output>
        </test-method> <!-- f -->
        <test-method status="PASS" signature="afterTest()[pri:0, instance:com.learn.selenium.Testng@2b98378d]" name="afterTest" is-config="true" duration-ms="1" started-at="2017-08-30T10:21:56Z" finished-at="2017-08-30T10:21:56Z">
          <reporter-output>
          </reporter-output>
        </test-method> <!-- afterTest -->
      </class> <!-- com.learn.selenium.Testng -->
    </test> <!-- Test -->
  </suite> <!-- Suite -->
</testng-results>
